0 info it worked if it ends with ok
1 verbose cli [ '/usr/local/opt/nvm/versions/node/v0.12.14/bin/node',
1 verbose cli   '/usr/local/opt/nvm/versions/node/v0.12.14/bin/npm',
1 verbose cli   'run',
1 verbose cli   'dev' ]
2 info using npm@2.15.1
3 info using node@v0.12.14
4 verbose node symlink /usr/local/opt/nvm/versions/node/v0.12.14/bin/node
5 verbose run-script [ 'predev', 'dev', 'postdev' ]
6 info predev my-vue-project@1.0.0
7 info dev my-vue-project@1.0.0
8 verbose unsafe-perm in lifecycle true
9 info my-vue-project@1.0.0 Failed to exec dev script
10 verbose stack Error: my-vue-project@1.0.0 dev: `node build/dev-server.js`
10 verbose stack Exit status 1
10 verbose stack     at EventEmitter.<anonymous> (/usr/local/Cellar/nvm/0.31.1/versions/node/v0.12.14/lib/node_modules/npm/lib/utils/lifecycle.js:217:16)
10 verbose stack     at EventEmitter.emit (events.js:110:17)
10 verbose stack     at ChildProcess.<anonymous> (/usr/local/Cellar/nvm/0.31.1/versions/node/v0.12.14/lib/node_modules/npm/lib/utils/spawn.js:24:14)
10 verbose stack     at ChildProcess.emit (events.js:110:17)
10 verbose stack     at maybeClose (child_process.js:1019:16)
10 verbose stack     at Process.ChildProcess._handle.onexit (child_process.js:1091:5)
11 verbose pkgid my-vue-project@1.0.0
12 verbose cwd /Users/maodapeng/Desktop/rzht/jingji-h5-app
13 error Darwin 15.6.0
14 error argv "/usr/local/opt/nvm/versions/node/v0.12.14/bin/node" "/usr/local/opt/nvm/versions/node/v0.12.14/bin/npm" "run" "dev"
15 error node v0.12.14
16 error npm  v2.15.1
17 error code ELIFECYCLE
18 error my-vue-project@1.0.0 dev: `node build/dev-server.js`
18 error Exit status 1
19 error Failed at the my-vue-project@1.0.0 dev script 'node build/dev-server.js'.
19 error This is most likely a problem with the my-vue-project package,
19 error not with npm itself.
19 error Tell the author that this fails on your system:
19 error     node build/dev-server.js
19 error You can get information on how to open an issue for this project with:
19 error     npm bugs my-vue-project
19 error Or if that isn't available, you can get their info via:
19 error
19 error     npm owner ls my-vue-project
19 error There is likely additional logging output above.
20 verbose exit [ 1, true ]
